<?xml version="1.0" encoding="UTF-8"?>
<testng-results skipped="0" failed="0" ignored="0" total="2" passed="2">
  <reporter-output>
  </reporter-output>
  <suite name="Default suite" duration-ms="18046" started-at="2019-05-19T08:18:39Z" finished-at="2019-05-19T08:18:57Z">
    <groups>
    </groups>
    <test name="Default test" duration-ms="18046" started-at="2019-05-19T08:18:39Z" finished-at="2019-05-19T08:18:57Z">
      <class name="com.git.NewTest">
        <test-method status="PASS" signature="beforeClass()[pri:0, instance:com.git.NewTest@7cd62f43]" name="beforeClass" is-config="true" duration-ms="10898" started-at="2019-05-19T13:48:39Z" finished-at="2019-05-19T13:48:50Z">
          <reporter-output>
          </reporter-output>
        </test-method> <!-- beforeClass -->
        <test-method status="PASS" signature="beforeMethod(java.lang.reflect.Method)[pri:0, instance:com.git.NewTest@7cd62f43]" name="beforeMethod" is-config="true" duration-ms="350" started-at="2019-05-19T13:48:50Z" finished-at="2019-05-19T13:48:50Z">
          <params>
            <param index="0">
              <value>
                <![CDATA[public void com.git.NewTest.launch_Application()]]>
              </value>
            </param>
          </params>
          <reporter-output>
          </reporter-output>
        </test-method> <!-- beforeMethod -->
        <test-method status="PASS" signature="launch_Application()[pri:1, instance:com.git.NewTest@7cd62f43]" name="launch_Application" duration-ms="1195" started-at="2019-05-19T13:48:50Z" finished-at="2019-05-19T13:48:51Z">
          <reporter-output>
          </reporter-output>
        </test-method> <!-- launch_Application -->
        <test-method status="PASS" signature="afterMethod(java.lang.reflect.Method, org.testng.ITestResult)[pri:0, instance:com.git.NewTest@7cd62f43]" name="afterMethod" is-config="true" duration-ms="4" started-at="2019-05-19T13:48:51Z" finished-at="2019-05-19T13:48:51Z">
          <params>
            <param index="0">
              <value>
                <![CDATA[public void com.git.NewTest.launch_Application()]]>
              </value>
            </param>
            <param index="1">
              <value>
                <![CDATA[[TestResult name=launch_Application status=SUCCESS method=NewTest.launch_Application()[pri:1, instance:com.git.NewTest@7cd62f43] output={null}]]]>
              </value>
            </param>
          </params>
          <reporter-output>
          </reporter-output>
        </test-method> <!-- afterMethod -->
        <test-method status="PASS" signature="beforeMethod(java.lang.reflect.Method)[pri:0, instance:com.git.NewTest@7cd62f43]" name="beforeMethod" is-config="true" duration-ms="1" started-at="2019-05-19T13:48:51Z" finished-at="2019-05-19T13:48:51Z">
          <params>
            <param index="0">
              <value>
                <![CDATA[public void com.git.NewTest.search_Keyword()]]>
              </value>
            </param>
          </params>
          <reporter-output>
          </reporter-output>
        </test-method> <!-- beforeMethod -->
        <test-method status="PASS" signature="search_Keyword()[pri:2, instance:com.git.NewTest@7cd62f43]" name="search_Keyword" duration-ms="2713" started-at="2019-05-19T13:48:51Z" finished-at="2019-05-19T13:48:54Z">
          <reporter-output>
          </reporter-output>
        </test-method> <!-- search_Keyword -->
        <test-method status="PASS" signature="afterMethod(java.lang.reflect.Method, org.testng.ITestResult)[pri:0, instance:com.git.NewTest@7cd62f43]" name="afterMethod" is-config="true" duration-ms="1" started-at="2019-05-19T13:48:54Z" finished-at="2019-05-19T13:48:54Z">
          <params>
            <param index="0">
              <value>
                <![CDATA[public void com.git.NewTest.search_Keyword()]]>
              </value>
            </param>
            <param index="1">
              <value>
                <![CDATA[[TestResult name=search_Keyword status=SUCCESS method=NewTest.search_Keyword()[pri:2, instance:com.git.NewTest@7cd62f43] output={null}]]]>
              </value>
            </param>
          </params>
          <reporter-output>
          </reporter-output>
        </test-method> <!-- afterMethod -->
        <test-method status="PASS" signature="afterClass()[pri:0, instance:com.git.NewTest@7cd62f43]" name="afterClass" is-config="true" duration-ms="2847" started-at="2019-05-19T13:48:54Z" finished-at="2019-05-19T13:48:57Z">
          <reporter-output>
          </reporter-output>
        </test-method> <!-- afterClass -->
      </class> <!-- com.git.NewTest -->
    </test> <!-- Default test -->
  </suite> <!-- Default suite -->
</testng-results>
